<?xml version="1.0" encoding="UTF-8"?>
<!-- Generated by org.testng.reporters.JUnitXMLReporter -->
<testsuite ignored="0" hostname="DESKTOP-K5QR6PC" failures="1" tests="4" name="Test1" time="13.235" errors="0" timestamp="2024-06-26T14:31:21 IST">
  <testcase classname="SeleniumPractice.SeleniumHybridFrameworkNew.TC_ProductCatalogue" name="checkProductAvailability" time="0.668"/>
  <testcase classname="SeleniumPractice.SeleniumHybridFrameworkNew.TC_ProductCatalogue" name="checkProductWithinGivenPriceRange" time="2.641"/>
  <testcase classname="SeleniumPractice.SeleniumHybridFrameworkNew.TC_ProductCatalogue" name="checkProductWithinInvalidPriceRange" time="1.271">
    <skipped/>
  </testcase> <!-- checkProductWithinInvalidPriceRange -->
  <testcase classname="SeleniumPractice.SeleniumHybridFrameworkNew.TC_ProductCatalogue" name="checkProductWithinInvalidPriceRange" time="1.232">
    <failure type="java.lang.AssertionError" message="expected [true] but found [false]">
      <![CDATA[java.lang.AssertionError: expected [true] but found [false]
at SeleniumPractice.SeleniumHybridFrameworkNew.TC_ProductCatalogue.checkProductWithinInvalidPriceRange(TC_ProductCatalogue.java:47)
at java.base/java.util.ArrayList.forEach(ArrayList.java:1511)
... Removed 31 stack frames]]>
    </failure>
  </testcase> <!-- checkProductWithinInvalidPriceRange -->
</testsuite> <!-- Test1 -->
